***Starting server on port 52794 ***
Loading net-file from 'lust.net.xml'... done (1157ms).
Loading additional-files from 'vtypes.add.xml'... done (4ms).
Loading additional-files from 'busstops.add.xml'... done (7ms).
Loading additional-files from 'e1detectors.add.xml'... done (70ms).
Loading additional-files from 'lust.poly.xml'... done (605ms).
Loading additional-files from 'tll.static.xml'... done (24ms).
Loading done.
Simulation started with time: 0.00
Simulation ended at time: 10900.10
Reason: TraCI requested termination.
Performance: 
 Duration: 194509ms
 Real time factor: 56.0391
 UPS: 96972.181236
Vehicles: 
 Inserted: 4145 (Loaded: 4214)
 Running: 241
 Waiting: 0

DijkstraRouterTT answered 5638 queries and explored 1639.56 edges on average.
DijkstraRouterTT spent 3272ms answering queries (0.58ms on average).
