***Starting server on port 46509 ***
Loading net-file from 'lust.net.xml'... done (1277ms).
Loading additional-files from 'vtypes.add.xml'... done (5ms).
Loading additional-files from 'busstops.add.xml'... done (6ms).
Loading additional-files from 'e1detectors.add.xml'... done (70ms).
Loading additional-files from 'lust.poly.xml'... done (597ms).
Loading additional-files from 'tll.static.xml'... done (25ms).
Loading done.
Simulation started with time: 0.00
Simulation ended at time: 10900.10
Reason: TraCI requested termination.
Performance: 
 Duration: 205421ms
 Real time factor: 53.0622
 UPS: 91821.001748
Vehicles: 
 Inserted: 4145 (Loaded: 4214)
 Running: 241
 Waiting: 0

DijkstraRouterTT answered 5638 queries and explored 1639.56 edges on average.
DijkstraRouterTT spent 3820ms answering queries (0.68ms on average).
