***Starting server on port 36397 ***
Loading net-file from 'lust.net.xml'... done (1115ms).
Loading additional-files from 'vtypes.add.xml'... done (2ms).
Loading additional-files from 'busstops.add.xml'... done (7ms).
Loading additional-files from 'e1detectors.add.xml'... done (81ms).
Loading additional-files from 'lust.poly.xml'... done (571ms).
Loading additional-files from 'tll.static.xml'... done (22ms).
Loading done.
Simulation started with time: 0.00
Simulation ended at time: 18100.10
Reason: TraCI requested termination.
Performance: 
 Duration: 732136ms
 Real time factor: 24.7223
 UPS: 66270.630047
Vehicles: 
 Inserted: 10292 (Loaded: 10538)
 Running: 772
 Waiting: 3

DijkstraRouterTT answered 13995 queries and explored 1697.88 edges on average.
DijkstraRouterTT spent 7798ms answering queries (0.56ms on average).
