***Starting server on port 53361 ***
Loading net-file from 'lust.net.xml'... done (1100ms).
Loading additional-files from 'vtypes.add.xml'... done (1ms).
Loading additional-files from 'busstops.add.xml'... done (7ms).
Loading additional-files from 'e1detectors.add.xml'... done (73ms).
Loading additional-files from 'lust.poly.xml'... done (581ms).
Loading additional-files from 'tll.static.xml'... done (23ms).
Loading done.
Simulation started with time: 0.00
Simulation ended at time: 18100.10
Reason: TraCI requested termination.
Performance: 
 Duration: 726932ms
 Real time factor: 24.8993
 UPS: 66745.051807
Vehicles: 
 Inserted: 10292 (Loaded: 10538)
 Running: 772
 Waiting: 3

DijkstraRouterTT answered 13995 queries and explored 1697.88 edges on average.
DijkstraRouterTT spent 8122ms answering queries (0.58ms on average).
