***Starting server on port 53712 ***
Loading net-file from 'lust.net.xml'... done (1065ms).
Loading additional-files from 'vtypes.add.xml'... done (2ms).
Loading additional-files from 'busstops.add.xml'... done (6ms).
Loading additional-files from 'e1detectors.add.xml'... done (66ms).
Loading additional-files from 'lust.poly.xml'... done (550ms).
Loading additional-files from 'tll.static.xml'... done (20ms).
Loading done.
Simulation started with time: 0.00
Simulation ended at time: 18100.10
Reason: TraCI requested termination.
Performance: 
 Duration: 719391ms
 Real time factor: 25.1603
 UPS: 67444.705313
Vehicles: 
 Inserted: 10292 (Loaded: 10538)
 Running: 772
 Waiting: 3

DijkstraRouterTT answered 13995 queries and explored 1697.88 edges on average.
DijkstraRouterTT spent 9095ms answering queries (0.65ms on average).
