***Starting server on port 46382 ***
Loading net-file from 'lust.net.xml'... done (1204ms).
Loading additional-files from 'vtypes.add.xml'... done (2ms).
Loading additional-files from 'busstops.add.xml'... done (7ms).
Loading additional-files from 'e1detectors.add.xml'... done (73ms).
Loading additional-files from 'lust.poly.xml'... done (577ms).
Loading additional-files from 'tll.static.xml'... done (25ms).
Loading done.
Simulation started with time: 0.00
Warning: Teleporting vehicle 'h33129c1:1'; collision with vehicle 'AVL---_18_4', lane='-30762#1_0', gap=-5.93, time=18016.00 stage=insertion.
Warning: Vehicle 'h33129c1:1' ends teleporting on edge '--31452#0', time 18016.00.
Simulation ended at time: 18100.10
Reason: TraCI requested termination.
Performance: 
 Duration: 875977ms
 Real time factor: 20.6628
 UPS: 55231.377080
Vehicles: 
 Inserted: 10292 (Loaded: 10538)
 Running: 760
 Waiting: 3
Teleports: 1 (Collisions: 1)

DijkstraRouterTT answered 14083 queries and explored 1679.66 edges on average.
DijkstraRouterTT spent 10597ms answering queries (0.75ms on average).
