***Starting server on port 44606 ***
Loading net-file from 'lust.net.xml'... done (1158ms).
Loading additional-files from 'vtypes.add.xml'... done (2ms).
Loading additional-files from 'busstops.add.xml'... done (6ms).
Loading additional-files from 'e1detectors.add.xml'... done (69ms).
Loading additional-files from 'lust.poly.xml'... done (556ms).
Loading additional-files from 'tll.static.xml'... done (22ms).
Loading done.
Simulation started with time: 0.00
Simulation ended at time: 10900.10
Reason: TraCI requested termination.
Performance: 
 Duration: 192148ms
 Real time factor: 56.7276
 UPS: 98163.717551
Vehicles: 
 Inserted: 4145 (Loaded: 4214)
 Running: 241
 Waiting: 0

DijkstraRouterTT answered 5638 queries and explored 1639.56 edges on average.
DijkstraRouterTT spent 3398ms answering queries (0.60ms on average).
