***Starting server on port 52610 ***
Loading net-file from 'lust.net.xml'... done (1194ms).
Loading additional-files from 'vtypes.add.xml'... done (3ms).
Loading additional-files from 'busstops.add.xml'... done (7ms).
Loading additional-files from 'e1detectors.add.xml'... done (74ms).
Loading additional-files from 'lust.poly.xml'... done (595ms).
Loading additional-files from 'tll.static.xml'... done (26ms).
Loading done.
Simulation started with time: 0.00
Simulation ended at time: 10900.10
Reason: TraCI requested termination.
Performance: 
 Duration: 214079ms
 Real time factor: 50.9163
 UPS: 88420.316799
Vehicles: 
 Inserted: 4145 (Loaded: 4214)
 Running: 240
 Waiting: 0

DijkstraRouterTT answered 5581 queries and explored 1634.28 edges on average.
DijkstraRouterTT spent 3905ms answering queries (0.70ms on average).
