***Starting server on port 54839 ***
Loading net-file from 'lust.net.xml'... done (1140ms).
Loading additional-files from 'vtypes.add.xml'... done (1ms).
Loading additional-files from 'busstops.add.xml'... done (6ms).
Loading additional-files from 'e1detectors.add.xml'... done (73ms).
Loading additional-files from 'lust.poly.xml'... done (593ms).
Loading additional-files from 'tll.static.xml'... done (23ms).
Loading done.
Simulation started with time: 0.00
Simulation ended at time: 10900.10
Reason: TraCI requested termination.
Performance: 
 Duration: 214750ms
 Real time factor: 50.7572
 UPS: 88144.041909
Vehicles: 
 Inserted: 4145 (Loaded: 4214)
 Running: 240
 Waiting: 0

DijkstraRouterTT answered 5581 queries and explored 1634.28 edges on average.
DijkstraRouterTT spent 3858ms answering queries (0.69ms on average).
