***Starting server on port 48531 ***
Loading net-file from 'lust.net.xml'... done (1193ms).
Loading additional-files from 'vtypes.add.xml'... done (2ms).
Loading additional-files from 'busstops.add.xml'... done (6ms).
Loading additional-files from 'e1detectors.add.xml'... done (68ms).
Loading additional-files from 'lust.poly.xml'... done (562ms).
Loading additional-files from 'tll.static.xml'... done (24ms).
Loading done.
Simulation started with time: 0.00
Simulation ended at time: 10900.10
Reason: TraCI requested termination.
Performance: 
 Duration: 198402ms
 Real time factor: 54.9395
 UPS: 95238.843358
Vehicles: 
 Inserted: 4145 (Loaded: 4214)
 Running: 241
 Waiting: 0

DijkstraRouterTT answered 5528 queries and explored 1620.96 edges on average.
DijkstraRouterTT spent 3403ms answering queries (0.62ms on average).
