***Starting server on port 49350 ***
Loading net-file from 'lust.net.xml'... done (1084ms).
Loading additional-files from 'vtypes.add.xml'... done (5ms).
Loading additional-files from 'busstops.add.xml'... done (7ms).
Loading additional-files from 'e1detectors.add.xml'... done (69ms).
Loading additional-files from 'lust.poly.xml'... done (565ms).
Loading additional-files from 'tll.static.xml'... done (22ms).
Loading done.
Simulation started with time: 0.00
Simulation ended at time: 10900.10
Reason: TraCI requested termination.
Performance: 
 Duration: 186058ms
 Real time factor: 58.5844
 UPS: 101130.244332
Vehicles: 
 Inserted: 4145 (Loaded: 4214)
 Running: 238
 Waiting: 0

DijkstraRouterTT answered 5653 queries and explored 1613.00 edges on average.
DijkstraRouterTT spent 3290ms answering queries (0.58ms on average).
