***Starting server on port 37413 ***
Loading net-file from 'lust.net.xml'... done (1095ms).
Loading additional-files from 'vtypes.add.xml'... done (1ms).
Loading additional-files from 'busstops.add.xml'... done (7ms).
Loading additional-files from 'e1detectors.add.xml'... done (70ms).
Loading additional-files from 'lust.poly.xml'... done (576ms).
Loading additional-files from 'tll.static.xml'... done (21ms).
Loading done.
Simulation started with time: 0.00
Simulation ended at time: 10900.10
Reason: TraCI requested termination.
Performance: 
 Duration: 193149ms
 Real time factor: 56.4336
 UPS: 97760.635572
Vehicles: 
 Inserted: 4145 (Loaded: 4214)
 Running: 235
 Waiting: 0

DijkstraRouterTT answered 5497 queries and explored 1620.16 edges on average.
DijkstraRouterTT spent 3302ms answering queries (0.60ms on average).
