***Starting server on port 50914 ***
Loading net-file from 'lust.net.xml'... done (1120ms).
Loading additional-files from 'vtypes.add.xml'... done (4ms).
Loading additional-files from 'busstops.add.xml'... done (6ms).
Loading additional-files from 'e1detectors.add.xml'... done (70ms).
Loading additional-files from 'lust.poly.xml'... done (576ms).
Loading additional-files from 'tll.static.xml'... done (23ms).
Loading done.
Simulation started with time: 0.00
Simulation ended at time: 10900.10
Reason: TraCI requested termination.
Performance: 
 Duration: 202037ms
 Real time factor: 53.951
 UPS: 93525.329519
Vehicles: 
 Inserted: 4145 (Loaded: 4214)
 Running: 241
 Waiting: 0

DijkstraRouterTT answered 5528 queries and explored 1620.96 edges on average.
DijkstraRouterTT spent 3797ms answering queries (0.69ms on average).
