***Starting server on port 47927 ***
Loading net-file from 'lust.net.xml'... done (1065ms).
Loading additional-files from 'vtypes.add.xml'... done (4ms).
Loading additional-files from 'busstops.add.xml'... done (6ms).
Loading additional-files from 'e1detectors.add.xml'... done (71ms).
Loading additional-files from 'lust.poly.xml'... done (584ms).
Loading additional-files from 'tll.static.xml'... done (23ms).
Loading done.
Simulation started with time: 0.00
Warning: Teleporting vehicle 'AVL---_23_3'; waited too long (wrong lane), lane='--32674#9_1', time=17554.60.
Warning: Vehicle 'AVL---_23_3' ends teleporting on edge '--31180#1', time 17554.60.
Simulation ended at time: 18100.10
Reason: TraCI requested termination.
Performance: 
 Duration: 698393ms
 Real time factor: 25.9168
 UPS: 69645.413113
Vehicles: 
 Inserted: 10292 (Loaded: 10538)
 Running: 770
 Waiting: 3
Teleports: 1 (Wrong Lane: 1)

DijkstraRouterTT answered 14029 queries and explored 1694.20 edges on average.
DijkstraRouterTT spent 7785ms answering queries (0.55ms on average).
