***Starting server on port 59053 ***
Loading net-file from 'lust.net.xml'... done (1064ms).
Loading additional-files from 'vtypes.add.xml'... done (4ms).
Loading additional-files from 'busstops.add.xml'... done (6ms).
Loading additional-files from 'e1detectors.add.xml'... done (68ms).
Loading additional-files from 'lust.poly.xml'... done (576ms).
Loading additional-files from 'tll.static.xml'... done (21ms).
Loading done.
Simulation started with time: 0.00
Simulation ended at time: 10900.10
Reason: TraCI requested termination.
Performance: 
 Duration: 181083ms
 Real time factor: 60.1939
 UPS: 104161.969925
Vehicles: 
 Inserted: 4145 (Loaded: 4214)
 Running: 241
 Waiting: 0

DijkstraRouterTT answered 5638 queries and explored 1639.56 edges on average.
DijkstraRouterTT spent 3101ms answering queries (0.55ms on average).
