***Starting server on port 50059 ***
Loading net-file from 'lust.net.xml'... done (1778ms).
Loading additional-files from 'vtypes.add.xml'... done (1ms).
Loading additional-files from 'busstops.add.xml'... done (7ms).
Loading additional-files from 'e1detectors.add.xml'... done (129ms).
Loading additional-files from 'lust.poly.xml'... done (897ms).
Loading additional-files from 'tll.static.xml'... done (59ms).
Loading done.
Simulation started with time: 0.00
Simulation ended at time: 10900.10
Reason: TraCI requested termination.
Performance: 
 Duration: 256835ms
 Real time factor: 42.4401
 UPS: 73261.397395
Vehicles: 
 Inserted: 4145 (Loaded: 4214)
 Running: 238
 Waiting: 0

DijkstraRouterTT answered 5653 queries and explored 1613.00 edges on average.
DijkstraRouterTT spent 4701ms answering queries (0.83ms on average).
