***Starting server on port 33588 ***
Loading net-file from 'lust.net.xml'... done (1166ms).
Loading additional-files from 'vtypes.add.xml'... done (2ms).
Loading additional-files from 'busstops.add.xml'... done (6ms).
Loading additional-files from 'e1detectors.add.xml'... done (69ms).
Loading additional-files from 'lust.poly.xml'... done (574ms).
Loading additional-files from 'tll.static.xml'... done (23ms).
Loading done.
Simulation started with time: 0.00
Simulation ended at time: 18100.10
Reason: TraCI requested termination.
Performance: 
 Duration: 660951ms
 Real time factor: 27.3849
 UPS: 73323.993761
Vehicles: 
 Inserted: 10292 (Loaded: 10538)
 Running: 764
 Waiting: 3

DijkstraRouterTT answered 14011 queries and explored 1683.12 edges on average.
DijkstraRouterTT spent 8397ms answering queries (0.60ms on average).
