***Starting server on port 41835 ***
Loading net-file from 'lust.net.xml'... done (1126ms).
Loading additional-files from 'vtypes.add.xml'... done (5ms).
Loading additional-files from 'busstops.add.xml'... done (6ms).
Loading additional-files from 'e1detectors.add.xml'... done (69ms).
Loading additional-files from 'lust.poly.xml'... done (574ms).
Loading additional-files from 'tll.static.xml'... done (23ms).
Loading done.
Simulation started with time: 0.00
Simulation ended at time: 18100.10
Reason: TraCI requested termination.
Performance: 
 Duration: 753177ms
 Real time factor: 24.0317
 UPS: 64419.271964
Vehicles: 
 Inserted: 10292 (Loaded: 10538)
 Running: 772
 Waiting: 3

DijkstraRouterTT answered 13995 queries and explored 1697.88 edges on average.
DijkstraRouterTT spent 9661ms answering queries (0.69ms on average).
