***Starting server on port 38404 ***
Loading net-file from 'lust.net.xml'... done (1099ms).
Loading additional-files from 'vtypes.add.xml'... done (5ms).
Loading additional-files from 'busstops.add.xml'... done (6ms).
Loading additional-files from 'e1detectors.add.xml'... done (71ms).
Loading additional-files from 'lust.poly.xml'... done (577ms).
Loading additional-files from 'tll.static.xml'... done (24ms).
Loading done.
Simulation started with time: 0.00
Simulation ended at time: 10900.10
Reason: TraCI requested termination.
Performance: 
 Duration: 199650ms
 Real time factor: 54.596
 UPS: 94810.583521
Vehicles: 
 Inserted: 4145 (Loaded: 4214)
 Running: 240
 Waiting: 0

DijkstraRouterTT answered 5581 queries and explored 1634.28 edges on average.
DijkstraRouterTT spent 3356ms answering queries (0.60ms on average).
