***Starting server on port 57449 ***
Loading net-file from 'lust.net.xml'... done (1121ms).
Loading additional-files from 'vtypes.add.xml'... done (2ms).
Loading additional-files from 'busstops.add.xml'... done (6ms).
Loading additional-files from 'e1detectors.add.xml'... done (68ms).
Loading additional-files from 'lust.poly.xml'... done (566ms).
Loading additional-files from 'tll.static.xml'... done (21ms).
Loading done.
Simulation started with time: 0.00
Simulation ended at time: 10900.10
Reason: TraCI requested termination.
Performance: 
 Duration: 189817ms
 Real time factor: 57.4243
 UPS: 99127.533361
Vehicles: 
 Inserted: 4145 (Loaded: 4214)
 Running: 238
 Waiting: 0

DijkstraRouterTT answered 5653 queries and explored 1613.00 edges on average.
DijkstraRouterTT spent 3728ms answering queries (0.66ms on average).
