***Starting server on port 53621 ***
Loading net-file from 'lust.net.xml'... done (1131ms).
Loading additional-files from 'vtypes.add.xml'... done (2ms).
Loading additional-files from 'busstops.add.xml'... done (6ms).
Loading additional-files from 'e1detectors.add.xml'... done (71ms).
Loading additional-files from 'lust.poly.xml'... done (578ms).
Loading additional-files from 'tll.static.xml'... done (23ms).
Loading done.
Simulation started with time: 0.00
Simulation ended at time: 10900.10
Reason: TraCI requested termination.
Performance: 
 Duration: 193566ms
 Real time factor: 56.3121
 UPS: 97550.029447
Vehicles: 
 Inserted: 4145 (Loaded: 4214)
 Running: 235
 Waiting: 0

DijkstraRouterTT answered 5497 queries and explored 1620.16 edges on average.
DijkstraRouterTT spent 3001ms answering queries (0.55ms on average).
