***Starting server on port 35541 ***
Loading net-file from 'lust.net.xml'... done (1143ms).
Loading additional-files from 'vtypes.add.xml'... done (6ms).
Loading additional-files from 'busstops.add.xml'... done (6ms).
Loading additional-files from 'e1detectors.add.xml'... done (70ms).
Loading additional-files from 'lust.poly.xml'... done (567ms).
Loading additional-files from 'tll.static.xml'... done (23ms).
Loading done.
Simulation started with time: 0.00
Simulation ended at time: 10900.10
Reason: TraCI requested termination.
Performance: 
 Duration: 198998ms
 Real time factor: 54.7749
 UPS: 94887.230022
Vehicles: 
 Inserted: 4145 (Loaded: 4214)
 Running: 235
 Waiting: 0

DijkstraRouterTT answered 5497 queries and explored 1620.16 edges on average.
DijkstraRouterTT spent 3585ms answering queries (0.65ms on average).
