***Starting server on port 56670 ***
Loading net-file from 'lust.net.xml'... done (1341ms).
Loading additional-files from 'vtypes.add.xml'... done (1ms).
Loading additional-files from 'busstops.add.xml'... done (6ms).
Loading additional-files from 'e1detectors.add.xml'... done (69ms).
Loading additional-files from 'lust.poly.xml'... done (572ms).
Loading additional-files from 'tll.static.xml'... done (22ms).
Loading done.
Simulation started with time: 0.00
Simulation ended at time: 18100.10
Reason: TraCI requested termination.
Performance: 
 Duration: 719308ms
 Real time factor: 25.1632
 UPS: 67452.487669
Vehicles: 
 Inserted: 10292 (Loaded: 10538)
 Running: 772
 Waiting: 3

DijkstraRouterTT answered 13995 queries and explored 1697.88 edges on average.
DijkstraRouterTT spent 7512ms answering queries (0.54ms on average).
