***Starting server on port 43029 ***
Loading net-file from 'lust.net.xml'... done (1080ms).
Loading additional-files from 'vtypes.add.xml'... done (7ms).
Loading additional-files from 'busstops.add.xml'... done (6ms).
Loading additional-files from 'e1detectors.add.xml'... done (66ms).
Loading additional-files from 'lust.poly.xml'... done (560ms).
Loading additional-files from 'tll.static.xml'... done (23ms).
Loading done.
Simulation started with time: 0.00
Simulation ended at time: 18100.10
Reason: TraCI requested termination.
Performance: 
 Duration: 628698ms
 Real time factor: 28.7898
 UPS: 77085.607080
Vehicles: 
 Inserted: 10292 (Loaded: 10538)
 Running: 764
 Waiting: 3

DijkstraRouterTT answered 14011 queries and explored 1683.12 edges on average.
DijkstraRouterTT spent 7984ms answering queries (0.57ms on average).
