***Starting server on port 43136 ***
Loading net-file from 'lust.net.xml'... done (1127ms).
Loading additional-files from 'vtypes.add.xml'... done (2ms).
Loading additional-files from 'busstops.add.xml'... done (7ms).
Loading additional-files from 'e1detectors.add.xml'... done (80ms).
Loading additional-files from 'lust.poly.xml'... done (574ms).
Loading additional-files from 'tll.static.xml'... done (22ms).
Loading done.
Simulation started with time: 0.00
Simulation ended at time: 10900.10
Reason: TraCI requested termination.
Performance: 
 Duration: 215870ms
 Real time factor: 50.4938
 UPS: 87376.485848
Vehicles: 
 Inserted: 4145 (Loaded: 4214)
 Running: 241
 Waiting: 0

DijkstraRouterTT answered 5638 queries and explored 1639.56 edges on average.
DijkstraRouterTT spent 4415ms answering queries (0.78ms on average).
