***Starting server on port 50175 ***
Loading net-file from 'lust.net.xml'... done (1102ms).
Loading additional-files from 'vtypes.add.xml'... done (1ms).
Loading additional-files from 'busstops.add.xml'... done (7ms).
Loading additional-files from 'e1detectors.add.xml'... done (69ms).
Loading additional-files from 'lust.poly.xml'... done (555ms).
Loading additional-files from 'tll.static.xml'... done (22ms).
Loading done.
Simulation started with time: 0.00
Simulation ended at time: 10900.10
Reason: TraCI requested termination.
Performance: 
 Duration: 193208ms
 Real time factor: 56.4164
 UPS: 97799.143928
Vehicles: 
 Inserted: 4145 (Loaded: 4214)
 Running: 241
 Waiting: 0

DijkstraRouterTT answered 5528 queries and explored 1620.96 edges on average.
DijkstraRouterTT spent 3398ms answering queries (0.61ms on average).
