***Starting server on port 42781 ***
Loading net-file from 'lust.net.xml'... done (1168ms).
Loading additional-files from 'vtypes.add.xml'... done (4ms).
Loading additional-files from 'busstops.add.xml'... done (7ms).
Loading additional-files from 'e1detectors.add.xml'... done (73ms).
Loading additional-files from 'lust.poly.xml'... done (599ms).
Loading additional-files from 'tll.static.xml'... done (25ms).
Loading done.
Simulation started with time: 0.00
Simulation ended at time: 18100.10
Reason: TraCI requested termination.
Performance: 
 Duration: 764242ms
 Real time factor: 23.6837
 UPS: 63413.901618
Vehicles: 
 Inserted: 10292 (Loaded: 10538)
 Running: 764
 Waiting: 3

DijkstraRouterTT answered 14011 queries and explored 1683.12 edges on average.
DijkstraRouterTT spent 10201ms answering queries (0.73ms on average).
