***Starting server on port 53708 ***
Loading net-file from 'lust.net.xml'... done (1215ms).
Loading additional-files from 'vtypes.add.xml'... done (4ms).
Loading additional-files from 'busstops.add.xml'... done (7ms).
Loading additional-files from 'e1detectors.add.xml'... done (71ms).
Loading additional-files from 'lust.poly.xml'... done (629ms).
Loading additional-files from 'tll.static.xml'... done (35ms).
Loading done.
Simulation started with time: 0.00
Simulation ended at time: 18100.10
Reason: TraCI requested termination.
Performance: 
 Duration: 1552065ms
 Real time factor: 11.6619
 UPS: 31277.742234
Vehicles: 
 Inserted: 10292 (Loaded: 10538)
 Running: 763
 Waiting: 3

DijkstraRouterTT answered 13988 queries and explored 1685.44 edges on average.
DijkstraRouterTT spent 19697ms answering queries (1.41ms on average).
