***Starting server on port 53166 ***
Loading net-file from 'lust.net.xml'... done (1091ms).
Loading additional-files from 'vtypes.add.xml'... done (2ms).
Loading additional-files from 'busstops.add.xml'... done (6ms).
Loading additional-files from 'e1detectors.add.xml'... done (68ms).
Loading additional-files from 'lust.poly.xml'... done (554ms).
Loading additional-files from 'tll.static.xml'... done (20ms).
Loading done.
Simulation started with time: 0.00
Simulation ended at time: 18100.10
Reason: TraCI requested termination.
Performance: 
 Duration: 614879ms
 Real time factor: 29.4368
 UPS: 78818.055260
Vehicles: 
 Inserted: 10292 (Loaded: 10538)
 Running: 764
 Waiting: 3

DijkstraRouterTT answered 14011 queries and explored 1683.12 edges on average.
DijkstraRouterTT spent 7153ms answering queries (0.51ms on average).
