***Starting server on port 37243 ***
Loading net-file from 'lust.net.xml'... done (1081ms).
Loading additional-files from 'vtypes.add.xml'... done (1ms).
Loading additional-files from 'busstops.add.xml'... done (7ms).
Loading additional-files from 'e1detectors.add.xml'... done (70ms).
Loading additional-files from 'lust.poly.xml'... done (556ms).
Loading additional-files from 'tll.static.xml'... done (22ms).
Loading done.
Simulation started with time: 0.00
Simulation ended at time: 10900.10
Reason: TraCI requested termination.
Performance: 
 Duration: 195694ms
 Real time factor: 55.6997
 UPS: 96556.751868
Vehicles: 
 Inserted: 4145 (Loaded: 4214)
 Running: 241
 Waiting: 0

DijkstraRouterTT answered 5528 queries and explored 1620.96 edges on average.
DijkstraRouterTT spent 3356ms answering queries (0.61ms on average).
