***Starting server on port 57903 ***
Loading net-file from 'lust.net.xml'... done (1160ms).
Loading additional-files from 'vtypes.add.xml'... done (5ms).
Loading additional-files from 'busstops.add.xml'... done (7ms).
Loading additional-files from 'e1detectors.add.xml'... done (73ms).
Loading additional-files from 'lust.poly.xml'... done (583ms).
Loading additional-files from 'tll.static.xml'... done (24ms).
Loading done.
Simulation started with time: 0.00
Simulation ended at time: 10900.10
Reason: TraCI requested termination.
Performance: 
 Duration: 205965ms
 Real time factor: 52.9221
 UPS: 91903.638968
Vehicles: 
 Inserted: 4145 (Loaded: 4214)
 Running: 240
 Waiting: 0

DijkstraRouterTT answered 5581 queries and explored 1634.28 edges on average.
DijkstraRouterTT spent 3531ms answering queries (0.63ms on average).
