***Starting server on port 38868 ***
Loading net-file from 'lust.net.xml'... done (1108ms).
Loading additional-files from 'vtypes.add.xml'... done (2ms).
Loading additional-files from 'busstops.add.xml'... done (6ms).
Loading additional-files from 'e1detectors.add.xml'... done (71ms).
Loading additional-files from 'lust.poly.xml'... done (561ms).
Loading additional-files from 'tll.static.xml'... done (23ms).
Loading done.
Simulation started with time: 0.00
Simulation ended at time: 18100.10
Reason: TraCI requested termination.
Performance: 
 Duration: 676224ms
 Real time factor: 26.7664
 UPS: 71788.473938
Vehicles: 
 Inserted: 10292 (Loaded: 10538)
 Running: 763
 Waiting: 3

DijkstraRouterTT answered 13988 queries and explored 1685.44 edges on average.
DijkstraRouterTT spent 9005ms answering queries (0.64ms on average).
