***Starting server on port 39358 ***
Loading net-file from 'lust.net.xml'... done (1141ms).
Loading additional-files from 'vtypes.add.xml'... done (2ms).
Loading additional-files from 'busstops.add.xml'... done (6ms).
Loading additional-files from 'e1detectors.add.xml'... done (69ms).
Loading additional-files from 'lust.poly.xml'... done (574ms).
Loading additional-files from 'tll.static.xml'... done (22ms).
Loading done.
Simulation started with time: 0.00
Simulation ended at time: 10900.10
Reason: TraCI requested termination.
Performance: 
 Duration: 186310ms
 Real time factor: 58.5052
 UPS: 101349.197574
Vehicles: 
 Inserted: 4145 (Loaded: 4214)
 Running: 235
 Waiting: 0

DijkstraRouterTT answered 5497 queries and explored 1620.16 edges on average.
DijkstraRouterTT spent 3120ms answering queries (0.57ms on average).
