***Starting server on port 55273 ***
Loading net-file from 'lust.net.xml'... done (1111ms).
Loading additional-files from 'vtypes.add.xml'... done (2ms).
Loading additional-files from 'busstops.add.xml'... done (7ms).
Loading additional-files from 'e1detectors.add.xml'... done (69ms).
Loading additional-files from 'lust.poly.xml'... done (555ms).
Loading additional-files from 'tll.static.xml'... done (21ms).
Loading done.
Simulation started with time: 0.00
Warning: Teleporting vehicle 'AVL---_23_3'; waited too long (wrong lane), lane='--32674#9_1', time=17554.60.
Warning: Vehicle 'AVL---_23_3' ends teleporting on edge '--31180#1', time 17554.60.
Warning: Vehicle 'carIn36569:1' performs emergency stop at the end of lane '-31622#10-AddedOffRampEdge_1' because there is no connection to the next edge (decel=-24.38, offset = 0.66), time=22925.40.
Warning: Vehicle 'randUni11667:1' performs emergency stop at the end of lane '-30892#2_0' because there is no connection to the next edge (decel=-13.29, offset = 0.08), time=23069.20.
Warning: Teleporting vehicle 'carIn22654:1'; collision with vehicle 'AVL---_20_11', lane='--31890_0', gap=-7.39, time=23406.30 stage=insertion.
Warning: Vehicle 'carIn22654:1' ends teleporting on edge '-32410#1', time 23408.90.
Warning: Teleporting vehicle 'carIn2045:1'; collision with vehicle 'AVL---_18_10', lane='-30762#1_0', gap=-5.43, time=23416.00 stage=insertion.
Warning: Vehicle 'carIn2045:1' ends teleporting on edge '--31452#0', time 23416.00.
Warning: Teleporting vehicle 'carIn2068:1'; waited too long (wrong lane), lane='--30568_0', time=25100.60.
Warning: Vehicle 'carIn2068:1' ends teleporting on edge '--30608#10', time 25100.60.
Warning: Teleporting vehicle 'carIn44762:1'; waited too long (yield), lane='--30568_0', time=25119.40.
Warning: Vehicle 'carIn44762:1' ends teleporting on edge '--32410#2', time 25119.40.
Warning: Teleporting vehicle 'carIn20314:1'; collision with vehicle 'AVL---_18_12', lane='-30762#1_0', gap=-5.93, time=25216.00 stage=insertion.
Warning: Vehicle 'carIn20314:1' ends teleporting on edge '--31452#0', time 25216.00.
Simulation ended at time: 25300.10
Reason: TraCI requested termination.
Performance: 
 Duration: 8867921ms
 Real time factor: 2.85299
 UPS: 21967.309813
Vehicles: 
 Inserted: 34357 (Loaded: 34450)
 Running: 3924
 Waiting: 13
Teleports: 6 (Collisions: 3, Yield: 1, Wrong Lane: 2)
Emergency Stops: 2

DijkstraRouterTT answered 55114 queries and explored 1909.30 edges on average.
DijkstraRouterTT spent 33832ms answering queries (0.61ms on average).
