***Starting server on port 51181 ***
Loading net-file from 'lust.net.xml'... done (1265ms).
Loading additional-files from 'vtypes.add.xml'... done (1ms).
Loading additional-files from 'busstops.add.xml'... done (7ms).
Loading additional-files from 'e1detectors.add.xml'... done (73ms).
Loading additional-files from 'lust.poly.xml'... done (611ms).
Loading additional-files from 'tll.static.xml'... done (25ms).
Loading done.
Simulation started with time: 0.00
Simulation ended at time: 10900.10
Reason: TraCI requested termination.
Performance: 
 Duration: 212962ms
 Real time factor: 51.1833
 UPS: 88354.218123
Vehicles: 
 Inserted: 4145 (Loaded: 4214)
 Running: 238
 Waiting: 0

DijkstraRouterTT answered 5653 queries and explored 1613.00 edges on average.
DijkstraRouterTT spent 4132ms answering queries (0.73ms on average).
