***Starting server on port 42911 ***
Loading net-file from 'lust.net.xml'... done (1163ms).
Loading additional-files from 'vtypes.add.xml'... done (2ms).
Loading additional-files from 'busstops.add.xml'... done (6ms).
Loading additional-files from 'e1detectors.add.xml'... done (74ms).
Loading additional-files from 'lust.poly.xml'... done (590ms).
Loading additional-files from 'tll.static.xml'... done (24ms).
Loading done.
Simulation started with time: 0.00
Simulation ended at time: 10900.10
Reason: TraCI requested termination.
Performance: 
 Duration: 196235ms
 Real time factor: 55.5462
 UPS: 96460.534563
Vehicles: 
 Inserted: 4145 (Loaded: 4214)
 Running: 240
 Waiting: 0

DijkstraRouterTT answered 5581 queries and explored 1634.28 edges on average.
DijkstraRouterTT spent 3149ms answering queries (0.56ms on average).
