***Starting server on port 55819 ***
Loading net-file from 'lust.net.xml'... done (1083ms).
Loading additional-files from 'vtypes.add.xml'... done (16ms).
Loading additional-files from 'busstops.add.xml'... done (6ms).
Loading additional-files from 'e1detectors.add.xml'... done (67ms).
Loading additional-files from 'lust.poly.xml'... done (561ms).
Loading additional-files from 'tll.static.xml'... done (23ms).
Loading done.
Simulation started with time: 0.00
Simulation ended at time: 10900.10
Reason: TraCI requested termination.
Performance: 
 Duration: 185934ms
 Real time factor: 58.6235
 UPS: 101197.688427
Vehicles: 
 Inserted: 4145 (Loaded: 4214)
 Running: 238
 Waiting: 0

DijkstraRouterTT answered 5653 queries and explored 1613.00 edges on average.
DijkstraRouterTT spent 3428ms answering queries (0.61ms on average).
